{
  "0 debug pnpm:scope": {
    "selected": 1
  },
  "1 debug pnpm:package-manifest": {
    "initial": {},
    "prefix": "/home/mohammed/.local/share/pnpm/store/v3/tmp/dlx-289"
  },
  "2 debug pnpm:context": {
    "currentLockfileExists": false,
    "storeDir": "/home/mohammed/.local/share/pnpm/store/v3",
    "virtualStoreDir": "/home/mohammed/.local/share/pnpm/store/v3/tmp/dlx-289/node_modules/.pnpm"
  },
  "3 debug pnpm:stage": {
    "prefix": "/home/mohammed/.local/share/pnpm/store/v3/tmp/dlx-289",
    "stage": "resolution_started"
  },
  "4 error pnpm": {
    "code": "ERR_PNPM_FETCH_405",
    "request": {
      "url": "https://registry.npmjs.org/--version"
    },
    "response": {
      "size": 0
    },
    "pkgName": "--version",
    "spec": {
      "fetchSpec": "latest",
      "name": "--version",
      "type": "tag"
    },
    "pkgsStack": [],
    "err": {
      "name": "pnpm",
      "message": "GET https://registry.npmjs.org/--version: Method Not Allowed - 405",
      "code": "ERR_PNPM_FETCH_405",
      "stack": "pnpm: GET https://registry.npmjs.org/--version: Method Not Allowed - 405\n    at RetryOperation._fn (/home/mohammed/.volta/tools/image/packages/pnpm/lib/node_modules/pnpm/dist/pnpx.cjs:80608:19)\n    at processTicksAndRejections (node:internal/process/task_queues:96:5)"
    }
  }
}